This is pdfTeX, Version 3.14159265-2.6-1.40.20 (TeX Live 2019) (preloaded format=pdflatex 2019.5.8)  29 MAR 2021 15:45
entering extended mode
 restricted \write18 enabled.
 file:line:error style messages enabled.
 %&-line parsing enabled.
**/Users/etang/stanford-classes/honors-thesis/lit-reviews/matching/review/matching.tex
(/Users/etang/stanford-classes/honors-thesis/lit-reviews/matching/review/matching.tex
LaTeX2e <2018-12-01>
(/Users/etang/stanford-classes/honors-thesis/lit-reviews/matching/review/AEA.cls
Document Class: AEA 2011/07/24 American Economic Association Article Classes
(/Users/etang/stanford-classes/honors-thesis/lit-reviews/matching/review/multicol.sty
Package: multicol 2004/02/14 v1.6e multicolumn formatting (FMi)
\c@tracingmulticols=\count80
\mult@box=\box27
\multicol@leftmargin=\dimen102
\c@unbalance=\count81
\c@collectmore=\count82
\doublecol@number=\count83
\multicoltolerance=\count84
\multicolpretolerance=\count85
\full@width=\dimen103
\page@free=\dimen104
\premulticols=\dimen105
\postmulticols=\dimen106
\multicolsep=\skip41
\multicolbaselineskip=\skip42
\partial@page=\box28
\last@line=\box29
\mult@rightbox=\box30
\mult@grightbox=\box31
\mult@gfirstbox=\box32
\mult@firstbox=\box33
\@tempa=\box34
\@tempa=\box35
\@tempa=\box36
\@tempa=\box37
\@tempa=\box38
\@tempa=\box39
\@tempa=\box40
\@tempa=\box41
\@tempa=\box42
\@tempa=\box43
\@tempa=\box44
\@tempa=\box45
\@tempa=\box46
\@tempa=\box47
\@tempa=\box48
\@tempa=\box49
\@tempa=\box50
\c@columnbadness=\count86
\c@finalcolumnbadness=\count87
\last@try=\dimen107
\multicolovershoot=\dimen108
\multicolundershoot=\dimen109
\mult@nat@firstbox=\box51
\colbreak@box=\box52
) (/Users/etang/stanford-classes/honors-thesis/lit-reviews/matching/review/setspace.sty
Package: setspace 2000/12/01 6.7 Contributed and Supported LaTeX2e package

Package: `setspace' 6.7 <2000/12/01>
) (/usr/local/texlive/2019/texmf-dist/tex/latex/amsmath/amsmath.sty
Package: amsmath 2018/12/01 v2.17b AMS math features
\@mathmargin=\skip43

For additional information on amsmath, use the `?' option.
(/usr/local/texlive/2019/texmf-dist/tex/latex/amsmath/amstext.sty
Package: amstext 2000/06/29 v2.01 AMS text
 (/usr/local/texlive/2019/texmf-dist/tex/latex/amsmath/amsgen.sty
File: amsgen.sty 1999/11/30 v2.0 generic functions
\@emptytoks=\toks14
\ex@=\dimen110
)) (/usr/local/texlive/2019/texmf-dist/tex/latex/amsmath/amsbsy.sty
Package: amsbsy 1999/11/29 v1.2d Bold Symbols
\pmbraise@=\dimen111
) (/usr/local/texlive/2019/texmf-dist/tex/latex/amsmath/amsopn.sty
Package: amsopn 2016/03/08 v2.02 operator names
)
\inf@bad=\count88
LaTeX Info: Redefining \frac on input line 223.
\uproot@=\count89
\leftroot@=\count90
LaTeX Info: Redefining \overline on input line 385.
\classnum@=\count91
\DOTSCASE@=\count92
LaTeX Info: Redefining \ldots on input line 482.
LaTeX Info: Redefining \dots on input line 485.
LaTeX Info: Redefining \cdots on input line 606.
\Mathstrutbox@=\box53
\strutbox@=\box54
\big@size=\dimen112
LaTeX Font Info:    Redeclaring font encoding OML on input line 729.
LaTeX Font Info:    Redeclaring font encoding OMS on input line 730.
\macc@depth=\count93
\c@MaxMatrixCols=\count94
\dotsspace@=\muskip10
\c@parentequation=\count95
\dspbrk@lvl=\count96
\tag@help=\toks15
\row@=\count97
\column@=\count98
\maxfields@=\count99
\andhelp@=\toks16
\eqnshift@=\dimen113
\alignsep@=\dimen114
\tagshift@=\dimen115
\tagwidth@=\dimen116
\totwidth@=\dimen117
\lineht@=\dimen118
\@envbody=\toks17
\multlinegap=\skip44
\multlinetaggap=\skip45
\mathdisplay@stack=\toks18
LaTeX Info: Redefining \[ on input line 2844.
LaTeX Info: Redefining \] on input line 2845.
)
Journal Selected: JOURNAL OF ECONOMIC LITERATURE
Mode Selected: final

LaTeX Font Warning: Font shape `OT1/cmr/m/n' in size <10.5> not available
(Font)              size <10.95> substituted on input line 333.

\abstractIndent=\skip46
\abstractWidth=\skip47
\c@part=\count100
\c@section=\count101
\c@subsection=\count102
\c@subsubsection=\count103
\c@paragraph=\count104
\c@subparagraph=\count105
\c@figure=\count106
\c@table=\count107
\abovecaptionskip=\skip48
\belowcaptionskip=\skip49
\bibindent=\dimen119
) (/usr/local/texlive/2019/texmf-dist/tex/latex/natbib/natbib.sty
Package: natbib 2010/09/13 8.31b (PWD, AO)
\bibhang=\skip50
\bibsep=\skip51
LaTeX Info: Redefining \cite on input line 694.
\c@NAT@ctr=\count108
) (/Users/etang/stanford-classes/honors-thesis/lit-reviews/matching/review/matching.aux)
\openout1 = `matching.aux'.

LaTeX Font Info:    Checking defaults for OML/cmm/m/it on input line 26.
LaTeX Font Info:    ... okay on input line 26.
LaTeX Font Info:    Checking defaults for T1/cmr/m/n on input line 26.
LaTeX Font Info:    ... okay on input line 26.
LaTeX Font Info:    Checking defaults for OT1/cmr/m/n on input line 26.
LaTeX Font Info:    ... okay on input line 26.
LaTeX Font Info:    Checking defaults for OMS/cmsy/m/n on input line 26.
LaTeX Font Info:    ... okay on input line 26.
LaTeX Font Info:    Checking defaults for OMX/cmex/m/n on input line 26.
LaTeX Font Info:    ... okay on input line 26.
LaTeX Font Info:    Checking defaults for U/cmr/m/n on input line 26.
LaTeX Font Info:    ... okay on input line 26.


LaTeX Font Warning: Font shape `OT1/cmr/m/n' in size <24> not available
(Font)              size <24.88> substituted on input line 44.


LaTeX Font Warning: Font shape `OT1/cmss/m/n' in size <24> not available
(Font)              size <24.88> substituted on input line 44.


LaTeX Font Warning: Font shape `OT1/cmss/bx/n' in size <24> not available
(Font)              size <24.88> substituted on input line 44.

LaTeX Font Info:    Try loading font information for OMS+cmr on input line 44.
(/usr/local/texlive/2019/texmf-dist/tex/latex/base/omscmr.fd
File: omscmr.fd 2014/09/29 v2.5h Standard LaTeX font definitions
)
LaTeX Font Info:    Font shape `OMS/cmr/m/n' in size <8> not available
(Font)              Font shape `OMS/cmsy/m/n' tried instead on input line 44.


LaTeX Font Warning: Font shape `OT1/cmr/m/it' in size <10.5> not available
(Font)              size <10.95> substituted on input line 44.

LaTeX Font Info:    Calculating math sizes for size <10.5> on input line 44.

LaTeX Font Warning: Font shape `OML/cmm/m/it' in size <10.5> not available
(Font)              size <10.95> substituted on input line 44.


LaTeX Font Warning: Font shape `OMS/cmsy/m/n' in size <10.5> not available
(Font)              size <10.95> substituted on input line 44.


LaTeX Font Warning: Font shape `OMX/cmex/m/n' in size <10.5> not available
(Font)              size <10.95> substituted on input line 44.

LaTeX Font Info:    Font shape `OMS/cmr/m/n' in size <6> not available
(Font)              Font shape `OMS/cmsy/m/n' tried instead on input line 44.

Underfull \hbox (badness 1783) in paragraph at lines 50--51
\OT1/cmr/m/n/10.95 trol and min-i-mum wage laws, typ-i-
 []


Underfull \hbox (badness 1436) in paragraph at lines 50--51
\OT1/cmr/m/n/10.95 reg-u-la-tion as a mar-ket de-sign prob-
 []

[1{/usr/local/texlive/2019/texmf-var/fonts/map/pdftex/updmap/pdftex.map}


]
Underfull \hbox (badness 1490) in paragraph at lines 66--67
[]\OT1/cmr/m/n/10.95 Babaioff, Nisan and Talgam-Cohen
 []


Underfull \hbox (badness 1168) in paragraph at lines 68--69
\OT1/cmr/m/n/10.95 tribut-ing its goods to af-fil-i-ated food
 []


Underfull \hbox (badness 2351) in paragraph at lines 72--73
\OT1/cmr/m/n/10.95 ter-est-ing work to ex-tend mod-els of
 []


Underfull \hbox (badness 1117) in paragraph at lines 72--73
\OT1/cmr/m/n/10.95 schools within a city, re-sult-ing in a
 []

[2]
LaTeX Font Info:    Font shape `OMS/cmr/m/n' in size <10.5> not available
(Font)              Font shape `OMS/cmsy/m/n' tried instead on input line 77.


LaTeX Font Warning: Font shape `OMS/cmsy/m/n' in size <10.5> not available
(Font)              size <10.95> substituted on input line 77.


Underfull \hbox (badness 10000) in paragraph at lines 77--78
[]\OT1/cmr/m/n/10.95 Scheuer, F. (2014): \En-
 []


Underfull \hbox (badness 7030) in paragraph at lines 77--78
\OT1/cmr/m/n/10.95 trepreneurial tax-a-tion with en-
 []


Underfull \hbox (badness 2512) in paragraph at lines 77--78
\OT1/cmr/m/n/10.95 doge-nous en-try," Amer-i-can Eco-
 []


Underfull \hbox (badness 1253) in paragraph at lines 85--86
\OT1/cmr/m/n/10.95 De-sign Re-sponses to In-equal-ity".
 []


LaTeX Font Warning: Font shape `OT1/cmr/bx/n' in size <10.5> not available
(Font)              size <10.95> substituted on input line 93.


Underfull \hbox (badness 1728) in paragraph at lines 93--94
\OT1/cmr/m/n/10.95 equal-ity, the op-ti-mal mech-a-nism
 []


Underfull \hbox (badness 1067) in paragraph at lines 93--94
\OT1/cmr/m/n/10.95 and Ak-bar-pour (2020) is a ran-
 []


Underfull \hbox (badness 3158) in paragraph at lines 93--94
\OT1/cmr/bx/n/10.95 model the harm to poorer
 []


Underfull \hbox (badness 1226) in paragraph at lines 93--94
\OT1/cmr/bx/n/10.95 ran-dom-iza-tion? How might
 []


Underfull \hbox (badness 1442) in paragraph at lines 93--94
\OT1/cmr/bx/n/10.95 these an-swers change if the
 []


Underfull \hbox (badness 1748) in paragraph at lines 95--96
\OT1/cmr/m/n/10.95 which agents are al-lo-cated bun-
 []


Underfull \hbox (badness 1874) in paragraph at lines 95--96
\OT1/cmr/bx/n/10.95 other ap-pli-ca-tions of com-bi-
 []


Underfull \hbox (badness 2753) in paragraph at lines 97--98
\OT1/cmr/m/n/10.95 \ends-against-the-middle" trade-off
 []


Underfull \hbox (badness 1603) in paragraph at lines 97--98
\OT1/cmr/m/n/10.95 im-ple-ment-ing school choice com-
 []

[3] (/Users/etang/stanford-classes/honors-thesis/lit-reviews/matching/review/matching.bbl
Underfull \hbox (badness 2980) in paragraph at lines 9--12
[]\OT1/cmr/bx/n/10.95 Avery, Christo-pher, and Parag
 []


Underfull \hbox (badness 1092) in paragraph at lines 9--12
\OT1/cmr/bx/n/10.95 Pathak. \OT1/cmr/m/n/10.95 2021. ``The Dis-tri-bu-tional
 []


Underfull \hbox (badness 10000) in paragraph at lines 9--12
\OT1/cmr/m/n/10.95 Con-se-quences of Pub-lic School
 []


Underfull \hbox (badness 10000) in paragraph at lines 26--28
[]\OT1/cmr/bx/n/10.95 Dworczak, Pi-otr, Scott Duke
 []


Underfull \hbox (badness 10000) in paragraph at lines 26--28
\OT1/cmr/bx/n/10.95 Komin-ers, and Mo-ham-mad
 []


Underfull \hbox (badness 2951) in paragraph at lines 26--28
\OT1/cmr/bx/n/10.95 Ak-bar-pour. \OT1/cmr/m/n/10.95 2020. ``Re-dis-tri-bu-tion
 []


Underfull \hbox (badness 2626) in paragraph at lines 34--36
[]\OT1/cmr/bx/n/10.95 Prendergast, Canice. \OT1/cmr/m/n/10.95 2017. ``How
 []

) [4] (/Users/etang/stanford-classes/honors-thesis/lit-reviews/matching/review/matching.aux)

LaTeX Font Warning: Size substitutions with differences
(Font)              up to 0.88pt have occurred.

 ) 
Here is how much of TeX's memory you used:
 1454 strings out of 492616
 18799 string characters out of 6129482
 90140 words of memory out of 5000000
 5415 multiletter control sequences out of 15000+600000
 9940 words of font info for 36 fonts, out of 8000000 for 9000
 1141 hyphenation exceptions out of 8191
 34i,6n,28p,1301b,291s stack positions out of 5000i,500n,10000p,200000b,80000s
</usr/local/texlive/2019/texmf-dist/fonts/type1/public/amsfonts/cm/cmbx10.pfb></usr/local/texlive/2019/texmf-dist/fonts/type1/public/amsfonts/cm/cmcsc10.pfb></usr/local/texlive/2019/texmf-dist/fonts/type1/public/amsfonts/cm/cmr10.pfb></usr/local/texlive/2019/texmf-dist/fonts/type1/public/amsfonts/cm/cmr8.pfb></usr/local/texlive/2019/texmf-dist/fonts/type1/public/amsfonts/cm/cmssbx10.pfb></usr/local/texlive/2019/texmf-dist/fonts/type1/public/amsfonts/cm/cmsy10.pfb></usr/local/texlive/2019/texmf-dist/fonts/type1/public/amsfonts/cm/cmsy6.pfb></usr/local/texlive/2019/texmf-dist/fonts/type1/public/amsfonts/cm/cmsy8.pfb></usr/local/texlive/2019/texmf-dist/fonts/type1/public/amsfonts/cm/cmti10.pfb></usr/local/texlive/2019/texmf-dist/fonts/type1/public/amsfonts/cm/cmti8.pfb>
Output written on /Users/etang/stanford-classes/honors-thesis/lit-reviews/matching/review/matching.pdf (4 pages, 138887 bytes).
PDF statistics:
 57 PDF objects out of 1000 (max. 8388607)
 40 compressed objects within 1 object stream
 0 named destinations out of 1000 (max. 500000)
 1 words of extra memory for PDF output out of 10000 (max. 10000000)

