This is pdfTeX, Version 3.14159265-2.6-1.40.20 (TeX Live 2019) (preloaded format=pdflatex 2019.5.8)  15 MAR 2021 09:35
entering extended mode
 restricted \write18 enabled.
 %&-line parsing enabled.
**congestion.tex
(./congestion.tex
LaTeX2e <2018-12-01>
(./AEA.cls
Document Class: AEA 2011/07/24 American Economic Association Article Classes
(./multicol.sty
Package: multicol 2004/02/14 v1.6e multicolumn formatting (FMi)
\c@tracingmulticols=\count80
\mult@box=\box27
\multicol@leftmargin=\dimen102
\c@unbalance=\count81
\c@collectmore=\count82
\doublecol@number=\count83
\multicoltolerance=\count84
\multicolpretolerance=\count85
\full@width=\dimen103
\page@free=\dimen104
\premulticols=\dimen105
\postmulticols=\dimen106
\multicolsep=\skip41
\multicolbaselineskip=\skip42
\partial@page=\box28
\last@line=\box29
\mult@rightbox=\box30
\mult@grightbox=\box31
\mult@gfirstbox=\box32
\mult@firstbox=\box33
\@tempa=\box34
\@tempa=\box35
\@tempa=\box36
\@tempa=\box37
\@tempa=\box38
\@tempa=\box39
\@tempa=\box40
\@tempa=\box41
\@tempa=\box42
\@tempa=\box43
\@tempa=\box44
\@tempa=\box45
\@tempa=\box46
\@tempa=\box47
\@tempa=\box48
\@tempa=\box49
\@tempa=\box50
\c@columnbadness=\count86
\c@finalcolumnbadness=\count87
\last@try=\dimen107
\multicolovershoot=\dimen108
\multicolundershoot=\dimen109
\mult@nat@firstbox=\box51
\colbreak@box=\box52
) (./setspace.sty
Package: setspace 2000/12/01 6.7 Contributed and Supported LaTeX2e package

Package: `setspace' 6.7 <2000/12/01>
) (/usr/local/texlive/2019/texmf-dist/tex/latex/amsmath/amsmath.sty
Package: amsmath 2018/12/01 v2.17b AMS math features
\@mathmargin=\skip43

For additional information on amsmath, use the `?' option.
(/usr/local/texlive/2019/texmf-dist/tex/latex/amsmath/amstext.sty
Package: amstext 2000/06/29 v2.01 AMS text

(/usr/local/texlive/2019/texmf-dist/tex/latex/amsmath/amsgen.sty
File: amsgen.sty 1999/11/30 v2.0 generic functions
\@emptytoks=\toks14
\ex@=\dimen110
))
(/usr/local/texlive/2019/texmf-dist/tex/latex/amsmath/amsbsy.sty
Package: amsbsy 1999/11/29 v1.2d Bold Symbols
\pmbraise@=\dimen111
)
(/usr/local/texlive/2019/texmf-dist/tex/latex/amsmath/amsopn.sty
Package: amsopn 2016/03/08 v2.02 operator names
)
\inf@bad=\count88
LaTeX Info: Redefining \frac on input line 223.
\uproot@=\count89
\leftroot@=\count90
LaTeX Info: Redefining \overline on input line 385.
\classnum@=\count91
\DOTSCASE@=\count92
LaTeX Info: Redefining \ldots on input line 482.
LaTeX Info: Redefining \dots on input line 485.
LaTeX Info: Redefining \cdots on input line 606.
\Mathstrutbox@=\box53
\strutbox@=\box54
\big@size=\dimen112
LaTeX Font Info:    Redeclaring font encoding OML on input line 729.
LaTeX Font Info:    Redeclaring font encoding OMS on input line 730.
\macc@depth=\count93
\c@MaxMatrixCols=\count94
\dotsspace@=\muskip10
\c@parentequation=\count95
\dspbrk@lvl=\count96
\tag@help=\toks15
\row@=\count97
\column@=\count98
\maxfields@=\count99
\andhelp@=\toks16
\eqnshift@=\dimen113
\alignsep@=\dimen114
\tagshift@=\dimen115
\tagwidth@=\dimen116
\totwidth@=\dimen117
\lineht@=\dimen118
\@envbody=\toks17
\multlinegap=\skip44
\multlinetaggap=\skip45
\mathdisplay@stack=\toks18
LaTeX Info: Redefining \[ on input line 2844.
LaTeX Info: Redefining \] on input line 2845.
)
Journal Selected: JOURNAL OF ECONOMIC LITERATURE
Mode Selected: final

LaTeX Font Warning: Font shape `OT1/cmr/m/n' in size <10.5> not available
(Font)              size <10.95> substituted on input line 333.

\abstractIndent=\skip46
\abstractWidth=\skip47
\c@part=\count100
\c@section=\count101
\c@subsection=\count102
\c@subsubsection=\count103
\c@paragraph=\count104
\c@subparagraph=\count105
\c@figure=\count106
\c@table=\count107
\abovecaptionskip=\skip48
\belowcaptionskip=\skip49
\bibindent=\dimen119
) (/usr/local/texlive/2019/texmf-dist/tex/latex/hyperref/hyperref.sty
Package: hyperref 2018/11/30 v6.88e Hypertext links for LaTeX

(/usr/local/texlive/2019/texmf-dist/tex/generic/oberdiek/hobsub-hyperref.sty
Package: hobsub-hyperref 2016/05/16 v1.14 Bundle oberdiek, subset hyperref (HO)


(/usr/local/texlive/2019/texmf-dist/tex/generic/oberdiek/hobsub-generic.sty
Package: hobsub-generic 2016/05/16 v1.14 Bundle oberdiek, subset generic (HO)
Package: hobsub 2016/05/16 v1.14 Construct package bundles (HO)
Package: infwarerr 2016/05/16 v1.4 Providing info/warning/error messages (HO)
Package: ltxcmds 2016/05/16 v1.23 LaTeX kernel commands for general use (HO)
Package: ifluatex 2016/05/16 v1.4 Provides the ifluatex switch (HO)
Package ifluatex Info: LuaTeX not detected.
Package: ifvtex 2016/05/16 v1.6 Detect VTeX and its facilities (HO)
Package ifvtex Info: VTeX not detected.
Package: intcalc 2016/05/16 v1.2 Expandable calculations with integers (HO)
Package: ifpdf 2018/09/07 v3.3 Provides the ifpdf switch
Package: etexcmds 2016/05/16 v1.6 Avoid name clashes with e-TeX commands (HO)
Package: kvsetkeys 2016/05/16 v1.17 Key value parser (HO)
Package: kvdefinekeys 2016/05/16 v1.4 Define keys (HO)
Package: pdftexcmds 2018/09/10 v0.29 Utility functions of pdfTeX for LuaTeX (HO
)
Package pdftexcmds Info: LuaTeX not detected.
Package pdftexcmds Info: \pdf@primitive is available.
Package pdftexcmds Info: \pdf@ifprimitive is available.
Package pdftexcmds Info: \pdfdraftmode found.
Package: pdfescape 2016/05/16 v1.14 Implements pdfTeX's escape features (HO)
Package: bigintcalc 2016/05/16 v1.4 Expandable calculations on big integers (HO
)
Package: bitset 2016/05/16 v1.2 Handle bit-vector datatype (HO)
Package: uniquecounter 2016/05/16 v1.3 Provide unlimited unique counter (HO)
)
Package hobsub Info: Skipping package `hobsub' (already loaded).
Package: letltxmacro 2016/05/16 v1.5 Let assignment for LaTeX macros (HO)
Package: hopatch 2016/05/16 v1.3 Wrapper for package hooks (HO)
Package: xcolor-patch 2016/05/16 xcolor patch
Package: atveryend 2016/05/16 v1.9 Hooks at the very end of document (HO)
Package atveryend Info: \enddocument detected (standard20110627).
Package: atbegshi 2016/06/09 v1.18 At begin shipout hook (HO)
Package: refcount 2016/05/16 v3.5 Data extraction from label references (HO)
Package: hycolor 2016/05/16 v1.8 Color options for hyperref/bookmark (HO)
)
(/usr/local/texlive/2019/texmf-dist/tex/latex/graphics/keyval.sty
Package: keyval 2014/10/28 v1.15 key=value parser (DPC)
\KV@toks@=\toks19
)
(/usr/local/texlive/2019/texmf-dist/tex/generic/ifxetex/ifxetex.sty
Package: ifxetex 2010/09/12 v0.6 Provides ifxetex conditional
)
(/usr/local/texlive/2019/texmf-dist/tex/latex/oberdiek/auxhook.sty
Package: auxhook 2016/05/16 v1.4 Hooks for auxiliary files (HO)
)
(/usr/local/texlive/2019/texmf-dist/tex/latex/oberdiek/kvoptions.sty
Package: kvoptions 2016/05/16 v3.12 Key value format for package options (HO)
)
\@linkdim=\dimen120
\Hy@linkcounter=\count108
\Hy@pagecounter=\count109

(/usr/local/texlive/2019/texmf-dist/tex/latex/hyperref/pd1enc.def
File: pd1enc.def 2018/11/30 v6.88e Hyperref: PDFDocEncoding definition (HO)
Now handling font encoding PD1 ...
... no UTF-8 mapping file for font encoding PD1
)
\Hy@SavedSpaceFactor=\count110

(/usr/local/texlive/2019/texmf-dist/tex/latex/latexconfig/hyperref.cfg
File: hyperref.cfg 2002/06/06 v1.2 hyperref configuration of TeXLive
)
Package hyperref Info: Hyper figures OFF on input line 4519.
Package hyperref Info: Link nesting OFF on input line 4524.
Package hyperref Info: Hyper index ON on input line 4527.
Package hyperref Info: Plain pages OFF on input line 4534.
Package hyperref Info: Backreferencing OFF on input line 4539.
Package hyperref Info: Implicit mode ON; LaTeX internals redefined.
Package hyperref Info: Bookmarks ON on input line 4772.
\c@Hy@tempcnt=\count111

(/usr/local/texlive/2019/texmf-dist/tex/latex/url/url.sty
\Urlmuskip=\muskip11
Package: url 2013/09/16  ver 3.4  Verb mode for urls, etc.
)
LaTeX Info: Redefining \url on input line 5125.
\XeTeXLinkMargin=\dimen121
\Fld@menulength=\count112
\Field@Width=\dimen122
\Fld@charsize=\dimen123
Package hyperref Info: Hyper figures OFF on input line 6380.
Package hyperref Info: Link nesting OFF on input line 6385.
Package hyperref Info: Hyper index ON on input line 6388.
Package hyperref Info: backreferencing OFF on input line 6395.
Package hyperref Info: Link coloring OFF on input line 6400.
Package hyperref Info: Link coloring with OCG OFF on input line 6405.
Package hyperref Info: PDF/A mode OFF on input line 6410.
LaTeX Info: Redefining \ref on input line 6450.
LaTeX Info: Redefining \pageref on input line 6454.
\Hy@abspage=\count113
\c@Item=\count114
\c@Hfootnote=\count115
)
Package hyperref Info: Driver (autodetected): hpdftex.

(/usr/local/texlive/2019/texmf-dist/tex/latex/hyperref/hpdftex.def
File: hpdftex.def 2018/11/30 v6.88e Hyperref driver for pdfTeX
\Fld@listcount=\count116
\c@bookmark@seq@number=\count117

(/usr/local/texlive/2019/texmf-dist/tex/latex/oberdiek/rerunfilecheck.sty
Package: rerunfilecheck 2016/05/16 v1.8 Rerun checks for auxiliary files (HO)
Package uniquecounter Info: New unique counter `rerunfilecheck' on input line 2
82.
)
\Hy@SectionHShift=\skip50
)
(/usr/local/texlive/2019/texmf-dist/tex/latex/natbib/natbib.sty
Package: natbib 2010/09/13 8.31b (PWD, AO)
\bibhang=\skip51
\bibsep=\skip52
LaTeX Info: Redefining \cite on input line 694.
\c@NAT@ctr=\count118
)
No file congestion.aux.
\openout1 = `congestion.aux'.

LaTeX Font Info:    Checking defaults for OML/cmm/m/it on input line 27.
LaTeX Font Info:    ... okay on input line 27.
LaTeX Font Info:    Checking defaults for T1/cmr/m/n on input line 27.
LaTeX Font Info:    ... okay on input line 27.
LaTeX Font Info:    Checking defaults for OT1/cmr/m/n on input line 27.
LaTeX Font Info:    ... okay on input line 27.
LaTeX Font Info:    Checking defaults for OMS/cmsy/m/n on input line 27.
LaTeX Font Info:    ... okay on input line 27.
LaTeX Font Info:    Checking defaults for OMX/cmex/m/n on input line 27.
LaTeX Font Info:    ... okay on input line 27.
LaTeX Font Info:    Checking defaults for U/cmr/m/n on input line 27.
LaTeX Font Info:    ... okay on input line 27.
LaTeX Font Info:    Checking defaults for PD1/pdf/m/n on input line 27.
LaTeX Font Info:    ... okay on input line 27.
\AtBeginShipoutBox=\box55
Package hyperref Info: Link coloring OFF on input line 27.
(/usr/local/texlive/2019/texmf-dist/tex/latex/hyperref/nameref.sty
Package: nameref 2016/05/21 v2.44 Cross-referencing by name of section

(/usr/local/texlive/2019/texmf-dist/tex/generic/oberdiek/gettitlestring.sty
Package: gettitlestring 2016/05/16 v1.5 Cleanup title references (HO)
)
\c@section@level=\count119
)
LaTeX Info: Redefining \ref on input line 27.
LaTeX Info: Redefining \pageref on input line 27.
LaTeX Info: Redefining \nameref on input line 27.

(./congestion.out) (./congestion.out)
\@outlinefile=\write3
\openout3 = `congestion.out'.



LaTeX Font Warning: Font shape `OT1/cmr/m/n' in size <24> not available
(Font)              size <24.88> substituted on input line 47.


LaTeX Font Warning: Font shape `OT1/cmss/m/n' in size <24> not available
(Font)              size <24.88> substituted on input line 47.


LaTeX Font Warning: Font shape `OT1/cmss/bx/n' in size <24> not available
(Font)              size <24.88> substituted on input line 47.

LaTeX Font Info:    Try loading font information for OMS+cmr on input line 47.
(/usr/local/texlive/2019/texmf-dist/tex/latex/base/omscmr.fd
File: omscmr.fd 2014/09/29 v2.5h Standard LaTeX font definitions
)
LaTeX Font Info:    Font shape `OMS/cmr/m/n' in size <8> not available
(Font)              Font shape `OMS/cmsy/m/n' tried instead on input line 47.


LaTeX Font Warning: Font shape `OT1/cmr/m/it' in size <10.5> not available
(Font)              size <10.95> substituted on input line 47.


LaTeX Font Warning: Font shape `OT1/cmr/bx/n' in size <10.5> not available
(Font)              size <10.95> substituted on input line 47.


Package natbib Warning: Citation `vickrey-1969' on page 1 undefined on input li
ne 47.

LaTeX Font Info:    Calculating math sizes for size <10.5> on input line 47.

LaTeX Font Warning: Font shape `OML/cmm/m/it' in size <10.5> not available
(Font)              size <10.95> substituted on input line 47.


LaTeX Font Warning: Font shape `OMS/cmsy/m/n' in size <10.5> not available
(Font)              size <10.95> substituted on input line 47.


LaTeX Font Warning: Font shape `OMX/cmex/m/n' in size <10.5> not available
(Font)              size <10.95> substituted on input line 47.

LaTeX Font Info:    Font shape `OMS/cmr/m/n' in size <6> not available
(Font)              Font shape `OMS/cmsy/m/n' tried instead on input line 47.

LaTeX Warning: Reference `early-congestion-models' on page 1 undefined on input
 line 50.


LaTeX Warning: Reference `information-provision' on page 1 undefined on input l
ine 50.


LaTeX Warning: Reference `carpooling-models' on page 1 undefined on input line 
50.


LaTeX Warning: Reference `congestion-practice' on page 1 undefined on input lin
e 50.


LaTeX Warning: Reference `research-questions' on page 1 undefined on input line
 50.


Underfull \hbox (badness 1635) in paragraph at lines 50--51
[]\OT1/cmr/m/n/10.95 Section [] in-tro-duces the clas-si-cal
 []


Underfull \hbox (badness 1466) in paragraph at lines 50--51
\OT1/cmr/m/n/10.95 and con-ges-tion pric-ing. Sec-tion []
 []


Underfull \hbox (badness 6364) in paragraph at lines 59--60
[]\OT1/cmr/m/n/10.95 Commuters choose a de-par-ture
 []


Underfull \hbox (badness 4132) in paragraph at lines 64--65
[]\OT1/cmr/m/n/10.95 Typically, equi-lib-rium con-cepts in
 []

[1{/usr/local/texlive/2019/texmf-var/fonts/map/pdftex/updmap/pdftex.map}


]

Package natbib Warning: Citation `vickrey-1969' on page 2 undefined on input li
ne 66.


Package natbib Warning: Citation `eliasson-2006' on page 2 undefined on input l
ine 66.


Package natbib Warning: Citation `arnott-1994' on page 2 undefined on input lin
e 68.


Package natbib Warning: Citation `das-2017' on page 2 undefined on input line 7
0.


Package natbib Warning: Citation `ostrovsky-2018' on page 2 undefined on input 
line 70.


Package natbib Warning: Citation `das-2017' on page 2 undefined on input line 7
0.


Package natbib Warning: Citation `acemoglu-2016' on page 2 undefined on input l
ine 70.


Package natbib Warning: Citation `bergemann-2019' on page 2 undefined on input 
line 75.


Package natbib Warning: Citation `das-2017' on page 2 undefined on input line 7
5.


Package natbib Warning: Citation `kamenica-2011' on page 2 undefined on input l
ine 75.


Package natbib Warning: Citation `arnott-1991' on page 2 undefined on input lin
e 77.


Package natbib Warning: Citation `das-2017' on page 2 undefined on input line 7
7.


Package natbib Warning: Citation `das-2017' on page 2 undefined on input line 8
1.


Package natbib Warning: Citation `kamenica-2011' on page 2 undefined on input l
ine 81.


Package natbib Warning: Citation `roughgarden-2002' on page 2 undefined on inpu
t line 81.


Underfull \hbox (badness 3482) in paragraph at lines 81--82
\OT1/cmr/m/n/10.95 re-duce to-tal con-ges-tion time, when
 []


Underfull \hbox (badness 2050) in paragraph at lines 81--82
\OT1/cmr/m/n/10.95 in-for-ma-tion or com-plete in-for-ma-tion.
 []


Underfull \vbox (badness 1874) has occurred while \output is active []

 [2]

Package natbib Warning: Citation `acemoglu-2016' on page 3 undefined on input l
ine 83.


Package natbib Warning: Citation `das-2017' on page 3 undefined on input line 8
3.


Package natbib Warning: Citation `acemoglu-2016' on page 3 undefined on input l
ine 83.


Package natbib Warning: Citation `acemoglu-2016' on page 3 undefined on input l
ine 83.


Package natbib Warning: Citation `acemoglu-2016' on page 3 undefined on input l
ine 85.


Underfull \hbox (badness 1571) in paragraph at lines 85--86
\OT1/cmr/m/n/10.95 first de-fine a novel equi-lib-rium con-
 []


Underfull \vbox (badness 1874) has occurred while \output is active []



Package natbib Warning: Citation `acemoglu-2016' on page 3 undefined on input l
ine 87.


Package natbib Warning: Citation `das-2017' on page 3 undefined on input line 8
7.


Package natbib Warning: Citation `acemoglu-2016' on page 3 undefined on input l
ine 87.


Package natbib Warning: Citation `ostrovsky-2018' on page 3 undefined on input 
line 92.

[3]

Package natbib Warning: Citation `ostrovsky-2018' on page 4 undefined on input 
line 94.


Underfull \hbox (badness 1946) in paragraph at lines 94--95
\OT1/cmr/m/n/10.95 tolling are com-ple-men-tary "tech-nolo-
 []


Package natbib Warning: Citation `ostrovsky-2018' on page 4 undefined on input 
line 98.


Underfull \hbox (badness 1248) in paragraph at lines 100--101
\OT1/cmr/m/n/10.95 out-comes sug-gests that ad-di-tive per-
 []


Package natbib Warning: Citation `kreindler-2018' on page 4 undefined on input 
line 115.


Package natbib Warning: Citation `eliasson-2006' on page 4 undefined on input l
ine 119.

[4]
Underfull \hbox (badness 1360) in paragraph at lines 125--126
[]\OT1/cmr/m/n/10.95 As to the ef-fects of the pro-posal,
 []


Package natbib Warning: Citation `das-2017' on page 5 undefined on input line 1
36.


Package natbib Warning: Citation `ostrovsky-2018' on page 5 undefined on input 
line 136.

[5]

Package natbib Warning: Citation `eliasson-2006' on page 6 undefined on input l
ine 138.


Underfull \hbox (badness 1132) in paragraph at lines 138--139
\OT1/cmr/m/n/10.95 vors pub-lic tran-sit over au-to-mo-
 []


Underfull \hbox (badness 1137) in paragraph at lines 138--139
\OT1/cmr/bx/n/10.95 ges-tion pric-ing be-ing re-gres-
 []


Package natbib Warning: Citation `das-2017' on page 6 undefined on input line 1
40.


Underfull \hbox (badness 4366) in paragraph at lines 140--141
[]\OT1/cmr/bx/n/10.95 ? \OT1/cmr/m/n/10.95 ap-pear to be among the
 []


Underfull \hbox (badness 2189) in paragraph at lines 140--141
\OT1/cmr/m/n/10.95 is-tic con-ges-tion func-tion. This
 []


Package natbib Warning: Citation `acemoglu-2016' on page 6 undefined on input l
ine 142.


Underfull \hbox (badness 4634) in paragraph at lines 142--143
[]\OT1/cmr/m/n/10.95 Among the most gen-eral work
 []


Underfull \hbox (badness 1215) in paragraph at lines 142--143
\OT1/cmr/m/n/10.95 equi-lib-rium out-comes. How-ever,
 []


Underfull \hbox (badness 1178) in paragraph at lines 142--143
\OT1/cmr/bx/n/10.95 comes for other com-muters?
 []

No file congestion.bbl.

Package natbib Warning: There were undefined citations.

Package atveryend Info: Empty hook `BeforeClearDocument' on input line 158.
[6]
Package atveryend Info: Empty hook `AfterLastShipout' on input line 158.
 (./congestion.aux)
Package atveryend Info: Executing hook `AtVeryEndDocument' on input line 158.
Package atveryend Info: Executing hook `AtEndAfterFileList' on input line 158.
Package rerunfilecheck Info: File `congestion.out' has not changed.
(rerunfilecheck)             Checksum: D41D8CD98F00B204E9800998ECF8427E;0.


LaTeX Font Warning: Size substitutions with differences
(Font)              up to 0.88pt have occurred.


LaTeX Warning: There were undefined references.


LaTeX Warning: Label(s) may have changed. Rerun to get cross-references right.

Package atveryend Info: Empty hook `AtVeryVeryEnd' on input line 158.
 ) 
Here is how much of TeX's memory you used:
 5397 strings out of 492616
 77937 string characters out of 6129482
 178652 words of memory out of 5000000
 9291 multiletter control sequences out of 15000+600000
 9940 words of font info for 36 fonts, out of 8000000 for 9000
 1141 hyphenation exceptions out of 8191
 34i,6n,31p,1388b,397s stack positions out of 5000i,500n,10000p,200000b,80000s
</usr/local/texlive/2019/texmf-dist/fonts/type1/public/amsfonts/cm/cmbx10.pfb
></usr/local/texlive/2019/texmf-dist/fonts/type1/public/amsfonts/cm/cmcsc10.pfb
></usr/local/texlive/2019/texmf-dist/fonts/type1/public/amsfonts/cm/cmr10.pfb><
/usr/local/texlive/2019/texmf-dist/fonts/type1/public/amsfonts/cm/cmr8.pfb></us
r/local/texlive/2019/texmf-dist/fonts/type1/public/amsfonts/cm/cmssbx10.pfb></u
sr/local/texlive/2019/texmf-dist/fonts/type1/public/amsfonts/cm/cmsy6.pfb></usr
/local/texlive/2019/texmf-dist/fonts/type1/public/amsfonts/cm/cmsy8.pfb></usr/l
ocal/texlive/2019/texmf-dist/fonts/type1/public/amsfonts/cm/cmti10.pfb></usr/lo
cal/texlive/2019/texmf-dist/fonts/type1/public/amsfonts/cm/cmti8.pfb>
Output written on congestion.pdf (6 pages, 141448 bytes).
PDF statistics:
 89 PDF objects out of 1000 (max. 8388607)
 71 compressed objects within 1 object stream
 21 named destinations out of 1000 (max. 500000)
 1 words of extra memory for PDF output out of 10000 (max. 10000000)

